<?xml version="1.0" encoding="UTF-8"?>
<!-- Generated by org.testng.reporters.JUnitReportReporter -->
<testsuite hostname="DESKTOP-K7698RM" failures="0" tests="3" name="pratice.dataprovider_practice" time="96.576" errors="0" timestamp="2023-01-28T14:23:28 IST" skipped="0">
  <testcase classname="pratice.dataprovider_practice" name="loginon_standard" time="12.085"/>
  <system-out/>
  <testcase classname="pratice.dataprovider_practice" name="loginon_standard" time="30.767"/>
  <system-out/>
  <testcase classname="pratice.dataprovider_practice" name="loginon_standard" time="53.724"/>
  <system-out/>
</testsuite> <!-- pratice.dataprovider_practice -->
